<?xml version="1.0" encoding="UTF-8"?>
<!-- Generated by org.testng.reporters.JUnitXMLReporter -->
<testsuite hostname="JCPSIL4YY" ignored="0" name="Search Test" tests="4" failures="0" timestamp="20 Mar 2018 10:11:07 GMT" time="69.845" errors="0">
  <testcase name="validateAutoSuggestions" time="5.128" classname="com.relayr.test.Search"/>
  <testcase name="validateInvalidSearchText" time="2.344" classname="com.relayr.test.Search"/>
  <testcase name="validateSearh" time="4.473" classname="com.relayr.test.Search"/>
  <testcase name="validateSpellingSuggestion" time="2.591" classname="com.relayr.test.Search"/>
</testsuite> <!-- Search Test -->
