<?xml version="1.0" encoding="UTF-8"?>
<!-- Generated by org.testng.reporters.JUnitXMLReporter -->
<testsuite hostname="JCPSIL4YY" ignored="0" name="Default test" tests="3" failures="0" timestamp="20 Mar 2018 08:51:35 GMT" time="49.869" errors="0">
  <testcase name="validateInvalidSearchText" time="1.93" classname="com.relayr.test.Search"/>
  <testcase name="validateSearh" time="2.69" classname="com.relayr.test.Search"/>
  <testcase name="validateSpellingSuggestion" time="3.765" classname="com.relayr.test.Search"/>
</testsuite> <!-- Default test -->
